c:\bricscad plugin 3rd\cmakeproject1\visualstudio\enhancedtakeoffnativeui_vs\enhanced.81a69df3\x64\release\enhancedtakeoffnativeui_vs.pch
c:\bricscad plugin 3rd\cmakeproject1\visualstudio\enhancedtakeoffnativeui_vs\enhanced.81a69df3\x64\release\vc143.pdb
c:\bricscad plugin 3rd\cmakeproject1\visualstudio\enhancedtakeoffnativeui_vs\enhanced.81a69df3\x64\release\pch.obj
c:\bricscad plugin 3rd\cmakeproject1\visualstudio\enhancedtakeoffnativeui_vs\enhanced.81a69df3\x64\release\roofpitchcalculator.obj
c:\bricscad plugin 3rd\cmakeproject1\visualstudio\enhancedtakeoffnativeui_vs\enhanced.81a69df3\x64\release\excelintegration.obj
c:\bricscad plugin 3rd\cmakeproject1\visualstudio\enhancedtakeoffnativeui_vs\enhanced.81a69df3\x64\release\excelexporter.obj
c:\bricscad plugin 3rd\cmakeproject1\visualstudio\enhancedtakeoffnativeui_vs\enhanced.81a69df3\x64\release\enhancedtakeoffnativeui_vs.obj
c:\bricscad plugin 3rd\cmakeproject1\visualstudio\enhancedtakeoffnativeui_vs\enhanced.81a69df3\x64\release\enhancedtakeoffdialog.obj
c:\bricscad plugin 3rd\cmakeproject1\visualstudio\enhancedtakeoffnativeui_vs\enhanced.81a69df3\x64\release\colormaterialmapper.obj
c:\bricscad plugin 3rd\cmakeproject1\visualstudio\enhancedtakeoffnativeui_vs\enhanced.81a69df3\x64\release\boundarydetector.obj
c:\bricscad plugin 3rd\cmakeproject1\visualstudio\enhancedtakeoffnativeui_vs\enhanced.81a69df3\x64\release\testmain.obj
c:\bricscad plugin 3rd\cmakeproject1\visualstudio\enhancedtakeoffnativeui_vs\enhanced.81a69df3\x64\release\simpleenhancedtakeoffdialog.obj
c:\bricscad plugin 3rd\cmakeproject1\visualstudio\enhancedtakeoffnativeui_vs\enhanced.81a69df3\x64\release\enhancedtakeoffcore.obj
c:\bricscad plugin 3rd\cmakeproject1\visualstudio\enhancedtakeoffnativeui_vs\enhanced.81a69df3\x64\release\brxenhancedtakeoffdialog.obj
c:\bricscad plugin 3rd\cmakeproject1\visualstudio\enhancedtakeoffnativeui_vs\x64\release\enhancedtakeoffnativeui_vs.dll
c:\bricscad plugin 3rd\cmakeproject1\visualstudio\enhancedtakeoffnativeui_vs\x64\release\enhancedtakeoffnativeui_vs.pdb
c:\bricscad plugin 3rd\cmakeproject1\visualstudio\enhancedtakeoffnativeui_vs\enhanced.81a69df3\x64\release\enhancedtakeoffnativeui_vs.res
c:\bricscad plugin 3rd\cmakeproject1\visualstudio\enhancedtakeoffnativeui_vs\x64\release\enhancedtakeoffnativeui_vs.lib
c:\bricscad plugin 3rd\cmakeproject1\visualstudio\enhancedtakeoffnativeui_vs\x64\release\enhancedtakeoffnativeui_vs.exp
c:\bricscad plugin 3rd\cmakeproject1\visualstudio\enhancedtakeoffnativeui_vs\enhanced.81a69df3\x64\release\enhancedtakeoffnativeui_vs.ipdb
c:\bricscad plugin 3rd\cmakeproject1\visualstudio\enhancedtakeoffnativeui_vs\enhanced.81a69df3\x64\release\enhancedtakeoffnativeui_vs.iobj
c:\bricscad plugin 3rd\cmakeproject1\visualstudio\enhancedtakeoffnativeui_vs\enhanced.81a69df3\x64\release\enhanced.81a69df3.tlog\cl.command.1.tlog
c:\bricscad plugin 3rd\cmakeproject1\visualstudio\enhancedtakeoffnativeui_vs\enhanced.81a69df3\x64\release\enhanced.81a69df3.tlog\cl.items.tlog
c:\bricscad plugin 3rd\cmakeproject1\visualstudio\enhancedtakeoffnativeui_vs\enhanced.81a69df3\x64\release\enhanced.81a69df3.tlog\cl.read.1.tlog
c:\bricscad plugin 3rd\cmakeproject1\visualstudio\enhancedtakeoffnativeui_vs\enhanced.81a69df3\x64\release\enhanced.81a69df3.tlog\cl.write.1.tlog
c:\bricscad plugin 3rd\cmakeproject1\visualstudio\enhancedtakeoffnativeui_vs\enhanced.81a69df3\x64\release\enhanced.81a69df3.tlog\link.command.1.tlog
c:\bricscad plugin 3rd\cmakeproject1\visualstudio\enhancedtakeoffnativeui_vs\enhanced.81a69df3\x64\release\enhanced.81a69df3.tlog\link.read.1.tlog
c:\bricscad plugin 3rd\cmakeproject1\visualstudio\enhancedtakeoffnativeui_vs\enhanced.81a69df3\x64\release\enhanced.81a69df3.tlog\link.secondary.1.tlog
c:\bricscad plugin 3rd\cmakeproject1\visualstudio\enhancedtakeoffnativeui_vs\enhanced.81a69df3\x64\release\enhanced.81a69df3.tlog\link.write.1.tlog
c:\bricscad plugin 3rd\cmakeproject1\visualstudio\enhancedtakeoffnativeui_vs\enhanced.81a69df3\x64\release\enhanced.81a69df3.tlog\rc.command.1.tlog
c:\bricscad plugin 3rd\cmakeproject1\visualstudio\enhancedtakeoffnativeui_vs\enhanced.81a69df3\x64\release\enhanced.81a69df3.tlog\rc.read.1.tlog
c:\bricscad plugin 3rd\cmakeproject1\visualstudio\enhancedtakeoffnativeui_vs\enhanced.81a69df3\x64\release\enhanced.81a69df3.tlog\rc.write.1.tlog
